<?xml version="1.0" encoding="UTF-8"?>
<!-- Generated by org.testng.reporters.JUnitXMLReporter -->
<testsuite ignored="0" hostname="LAPTOP-QJ7C174P" failures="0" tests="3" name="Test" time="11.246" errors="0" timestamp="2024-10-17T19:37:23 IST">
  <testcase classname="com.testing.CrossBrowserTesting" name="chrome" time="7.044"/>
  <testcase classname="com.testing.CrossBrowserTesting" name="edge" time="7.176"/>
  <testcase classname="com.testing.CrossBrowserTesting" name="firefox" time="11.14"/>
</testsuite> <!-- Test -->
